
  .   ____          _            __ _ _
 /\\ / ___'_ __ _ _(_)_ __  __ _ \ \ \ \
( ( )\___ | '_ | '_| | '_ \/ _` | \ \ \ \
 \\/  ___)| |_)| | | | | || (_| |  ) ) ) )
  '  |____| .__|_| |_|_| |_\__, | / / / /
 =========|_|==============|___/=/_/_/_/
 :: Spring Boot ::                (v3.2.1)

2026-03-07T01:49:50.615+01:00  INFO 26800 --- [bibliotheque] [           main] com.bibliotheque.Application             : Starting Application using Java 21.0.6 with PID 26800 (C:\_VINCI\Stage\Bibliotheque\backend\target\bibliotheque-1.0.0.jar started by abdel in C:\_VINCI\Stage\Bibliotheque\backend)
2026-03-07T01:49:50.619+01:00 DEBUG 26800 --- [bibliotheque] [           main] com.bibliotheque.Application             : Running with Spring Boot v3.2.1, Spring v6.1.2
2026-03-07T01:49:50.630+01:00  INFO 26800 --- [bibliotheque] [           main] com.bibliotheque.Application             : No active profile set, falling back to 1 default profile: "default"
2026-03-07T01:49:51.662+01:00  INFO 26800 --- [bibliotheque] [           main] .s.d.r.c.RepositoryConfigurationDelegate : Bootstrapping Spring Data JPA repositories in DEFAULT mode.
2026-03-07T01:49:51.791+01:00  INFO 26800 --- [bibliotheque] [           main] .s.d.r.c.RepositoryConfigurationDelegate : Finished Spring Data repository scanning in 118 ms. Found 14 JPA repository interfaces.
2026-03-07T01:49:52.640+01:00  INFO 26800 --- [bibliotheque] [           main] o.s.b.w.embedded.tomcat.TomcatWebServer  : Tomcat initialized with port 8083 (http)
2026-03-07T01:49:52.640+01:00  INFO 26800 --- [bibliotheque] [           main] o.apache.catalina.core.StandardService   : Starting service [Tomcat]
2026-03-07T01:49:52.640+01:00  INFO 26800 --- [bibliotheque] [           main] o.apache.catalina.core.StandardEngine    : Starting Servlet engine: [Apache Tomcat/10.1.17]
2026-03-07T01:49:52.673+01:00  INFO 26800 --- [bibliotheque] [           main] o.a.c.c.C.[Tomcat].[localhost].[/]       : Initializing Spring embedded WebApplicationContext
2026-03-07T01:49:52.673+01:00  INFO 26800 --- [bibliotheque] [           main] w.s.c.ServletWebServerApplicationContext : Root WebApplicationContext: initialization completed in 1925 ms
2026-03-07T01:49:52.740+01:00 DEBUG 26800 --- [bibliotheque] [           main] com.bibliotheque.auth.filter.JwtFilter   : Filter 'jwtFilter' configured for use
2026-03-07T01:49:52.828+01:00  INFO 26800 --- [bibliotheque] [           main] com.zaxxer.hikari.HikariDataSource       : HikariPool-1 - Starting...
2026-03-07T01:49:53.060+01:00  INFO 26800 --- [bibliotheque] [           main] com.zaxxer.hikari.pool.HikariPool        : HikariPool-1 - Added connection com.mysql.cj.jdbc.ConnectionImpl@7c96c85
2026-03-07T01:49:53.061+01:00  INFO 26800 --- [bibliotheque] [           main] com.zaxxer.hikari.HikariDataSource       : HikariPool-1 - Start completed.
2026-03-07T01:49:53.157+01:00  INFO 26800 --- [bibliotheque] [           main] o.f.c.internal.license.VersionPrinter    : Flyway Community Edition 9.22.3 by Redgate
2026-03-07T01:49:53.157+01:00  INFO 26800 --- [bibliotheque] [           main] o.f.c.internal.license.VersionPrinter    : See release notes here: https://rd.gt/416ObMi
2026-03-07T01:49:53.157+01:00  INFO 26800 --- [bibliotheque] [           main] o.f.c.internal.license.VersionPrinter    : 
2026-03-07T01:49:53.196+01:00  INFO 26800 --- [bibliotheque] [           main] org.flywaydb.core.FlywayExecutor         : Database: jdbc:mysql://localhost:3306/bibliotheque (MySQL 8.0)
2026-03-07T01:49:53.282+01:00  INFO 26800 --- [bibliotheque] [           main] o.f.core.internal.command.DbValidate     : Successfully validated 2 migrations (execution time 00:00.036s)
2026-03-07T01:49:53.316+01:00  INFO 26800 --- [bibliotheque] [           main] o.f.core.internal.command.DbMigrate      : Current version of schema `bibliotheque`: 2
2026-03-07T01:49:53.316+01:00  WARN 26800 --- [bibliotheque] [           main] o.f.core.internal.command.DbMigrate      : Schema `bibliotheque` has a version (2) that is newer than the latest available migration (1) !
2026-03-07T01:49:53.317+01:00  WARN 26800 --- [bibliotheque] [           main] o.f.core.internal.command.DbMigrate      : Schema `bibliotheque` contains a failed future migration to version 2 !
2026-03-07T01:49:53.330+01:00  INFO 26800 --- [bibliotheque] [           main] o.f.core.internal.command.DbMigrate      : Schema `bibliotheque` is up to date. No migration necessary.
2026-03-07T01:49:53.439+01:00  INFO 26800 --- [bibliotheque] [           main] o.hibernate.jpa.internal.util.LogHelper  : HHH000204: Processing PersistenceUnitInfo [name: default]
2026-03-07T01:49:53.508+01:00  INFO 26800 --- [bibliotheque] [           main] org.hibernate.Version                    : HHH000412: Hibernate ORM core version 6.4.1.Final
2026-03-07T01:49:53.537+01:00  INFO 26800 --- [bibliotheque] [           main] o.h.c.internal.RegionFactoryInitiator    : HHH000026: Second-level cache disabled
2026-03-07T01:49:53.755+01:00  INFO 26800 --- [bibliotheque] [           main] o.s.o.j.p.SpringPersistenceUnitInfo      : No LoadTimeWeaver setup: ignoring JPA class transformer
2026-03-07T01:49:53.807+01:00  WARN 26800 --- [bibliotheque] [           main] org.hibernate.orm.deprecation            : HHH90000025: MySQL8Dialect does not need to be specified explicitly using 'hibernate.dialect' (remove the property setting and it will be selected by default)
2026-03-07T01:49:53.807+01:00  WARN 26800 --- [bibliotheque] [           main] org.hibernate.orm.deprecation            : HHH90000026: MySQL8Dialect has been deprecated; use org.hibernate.dialect.MySQLDialect instead
2026-03-07T01:49:54.736+01:00  INFO 26800 --- [bibliotheque] [           main] o.h.e.t.j.p.i.JtaPlatformInitiator       : HHH000489: No JTA platform available (set 'hibernate.transaction.jta.platform' to enable JTA platform integration)
2026-03-07T01:49:54.896+01:00  INFO 26800 --- [bibliotheque] [           main] j.LocalContainerEntityManagerFactoryBean : Initialized JPA EntityManagerFactory for persistence unit 'default'
2026-03-07T01:49:55.480+01:00  INFO 26800 --- [bibliotheque] [           main] o.s.d.j.r.query.QueryEnhancerFactory     : Hibernate is in classpath; If applicable, HQL parser will be used.
2026-03-07T01:49:56.117+01:00  WARN 26800 --- [bibliotheque] [           main] JpaBaseConfiguration$JpaWebConfiguration : spring.jpa.open-in-view is enabled by default. Therefore, database queries may be performed during view rendering. Explicitly configure spring.jpa.open-in-view to disable this warning
2026-03-07T01:49:56.149+01:00  WARN 26800 --- [bibliotheque] [           main] .s.s.UserDetailsServiceAutoConfiguration : 

Using generated security password: 156613f1-633f-4238-b9fa-b68f614a0274

This generated password is for development use only. Your security configuration must be updated before running your application in production.

2026-03-07T01:49:56.573+01:00  INFO 26800 --- [bibliotheque] [           main] o.s.s.web.DefaultSecurityFilterChain     : Will secure any request with [org.springframework.security.web.session.DisableEncodeUrlFilter@5513745d, org.springframework.security.web.context.request.async.WebAsyncManagerIntegrationFilter@2dda28a3, org.springframework.security.web.context.SecurityContextHolderFilter@2bd2fa2c, org.springframework.security.web.header.HeaderWriterFilter@3e492199, org.springframework.web.filter.CorsFilter@6a29476d, org.springframework.security.web.authentication.logout.LogoutFilter@252bc7ec, com.bibliotheque.auth.filter.JwtFilter@69909c14, org.springframework.security.web.savedrequest.RequestCacheAwareFilter@67e42fd6, org.springframework.security.web.servletapi.SecurityContextHolderAwareRequestFilter@4e9ab294, org.springframework.security.web.authentication.AnonymousAuthenticationFilter@35570a84, org.springframework.security.web.session.SessionManagementFilter@1761383f, org.springframework.security.web.access.ExceptionTranslationFilter@2667a238, org.springframework.security.web.access.intercept.AuthorizationFilter@39482f2b]
2026-03-07T01:49:57.025+01:00  WARN 26800 --- [bibliotheque] [           main] ConfigServletWebServerApplicationContext : Exception encountered during context initialization - cancelling refresh attempt: org.springframework.context.ApplicationContextException: Failed to start bean 'webServerStartStop'
2026-03-07T01:49:57.027+01:00  INFO 26800 --- [bibliotheque] [           main] j.LocalContainerEntityManagerFactoryBean : Closing JPA EntityManagerFactory for persistence unit 'default'
2026-03-07T01:49:57.029+01:00  INFO 26800 --- [bibliotheque] [           main] com.zaxxer.hikari.HikariDataSource       : HikariPool-1 - Shutdown initiated...
2026-03-07T01:49:57.043+01:00  INFO 26800 --- [bibliotheque] [           main] com.zaxxer.hikari.HikariDataSource       : HikariPool-1 - Shutdown completed.
2026-03-07T01:49:57.057+01:00  INFO 26800 --- [bibliotheque] [           main] .s.b.a.l.ConditionEvaluationReportLogger : 

Error starting ApplicationContext. To display the condition evaluation report re-run your application with 'debug' enabled.
2026-03-07T01:49:57.095+01:00 ERROR 26800 --- [bibliotheque] [           main] o.s.b.d.LoggingFailureAnalysisReporter   : 

***************************
APPLICATION FAILED TO START
***************************

Description:

Web server failed to start. Port 8083 was already in use.

Action:

Identify and stop the process that's listening on port 8083 or configure this application to listen on another port.

